--- Job Rolling Horizon v2.gms Start 05/30/23 15:51:54 42.2.0 ef14ea53 WEX-WEI x86 64bit/MS Windows
--- Applying:
    C:\GAMS\42\gmsprmNT.txt
    C:\Users\Remi\OneDrive - UCB-O365\Documents\GAMS\gamsconfig.yaml
--- GAMS Parameters defined
    Input "C:\Users\Remi\OneDrive - UCB-O365\Documents\lecture notes\MSc\Thesis\GAMS\Rolling Horizon v2.gms"
    PageSize 0
    ScrDir "C:\Users\Remi\OneDrive - UCB-O365\Documents\lecture notes\MSc\Thesis\GAMS\225c\"
    SysDir C:\GAMS\42\
    LogOption 3
    ErrMsg 1
    ErrorLog 99
    IDE 1
    LstTitleLeftAligned 1
Licensee: GAMS Community License for Remi Akinwonmi      G230220|0002AO-GEN
          University of Colorado at Boulder, Dept. of Mechanical EngiCL5252
          C:\Users\Remi\OneDrive - UCB-O365\Documents\GAMS\gamslice.txt
          Remi Akinwonmi, reak4480@colorado.edu                            
          Community license for demonstration and instructional purposes only
Processor information: 1 socket(s), 6 core(s), and 6 thread(s) available
GAMS 42.2.0   Copyright (C) 1987-2023 GAMS Development. All rights reserved
--- Starting compilation
--- Rolling Horizon v2.gms(2) 2 Mb 1 Error
*** Error 210 in C:\Users\Remi\OneDrive - UCB-O365\Documents\lecture notes\MSc\Thesis\GAMS\Rolling Horizon v2.gms
    Unknown dollar control option. Valid are -
      onExternalInput, offExternalInput, onExternalOutput
      offExternalOutput, onIDCProtect, offIDCProtect, onMargin
      offMargin, minCol, maxCol, comment, dollar, onDigit, offDigit
      hidden, onText, offText, onUpper, offUpper, single, double
      lines, title, sTitle, onSymList, offSymList, onUelList
      offUelList, onSymXRef, offSymXRef, onUelXRef, offUelXRef
      debug, onDollar, offDollar, phantom, version, call, callAsync
      callAsyncIC, callAsyncNC, hiddenCall, include, onInclude
      offInclude, sysInclude, libInclude, insert, sysInsert
      libInsert, batInclude, onCmsIncl, offCmsIncl, funcLibIn, goto
      label, maxGoTo, if, ifI, ifE, shift, onNestCom, offNestCom
      onInline, offInline, inlineCom, onEolCom, offEolCom, eolCom
      onMultiR, onMulti, offMulti, onWarning, offWarning, onSparse
      offSparse, stars, onMixed, offMixed, onRecurse, offRecurse
      onUni, offUni, onEps, offEps, onEpsToZero, offEpsToZero
      onDelim, offDelim, onEmpty, offEmpty, onStrictSingleton
      offStrictSingleton, onEnd, offEnd, onListing, offListing
      error, abort, kill, clear, slice, offLog, onLog, onTroll
      offTroll, onOrder, offOrder, embeddedCode, embeddedCodeS
      embeddedCodeV, pauseEmbeddedCode, continueEmbeddedCode
      continueEmbeddedCodeS, continueEmbeddedCodeV, endEmbeddedCode
      onEmbeddedCode, onEmbeddedCodeS, onEmbeddedCodeV
      offEmbeddedCode, scratchFileName, onCheckErrorLevel
      offCheckErrorLevel, onFiltered, offFiltered, onSuffixDLVars
      offSuffixDLVars, onSuffixAlgebraVars, offSuffixAlgebraVars
      onFold, offFold, gdxIn, gdxOut, gdxLoad, gdxUnload, load
      loadR, loadM, loadDc, loadDcR, loadDcM, loadFiltered
      loadFilteredR, loadFilteredM, loadIdx, unload, setLocal
      setGlobal, set, evalLocal, evalGlobal, eval, setEnv
      dropLocal, dropGlobal, drop, dropEnv, setArgs, setNames
      splitOption, setComps, escape, onGlobal, offGlobal, setDdList
      prefixPath, show, showFiles, showMacros, showVariables, macro
      onMacro, offMacro, onDotL, offDotL, onExpand, offExpand
      offLocal, onLocal, onDotScale, offDotScale, expose, protect
      hide, purge, compress, encrypt, decompress, run, stop, exit
      log, echo, echoN, use205, use225, use999, diff, onEcho
      onEchoV, onEchoS, offEcho, onPut, onPutV, onPutS, offPut
      clearError, clearErrors, warning, terminate, remark, onUndf
      offUndf, onEmbedded, offEmbedded, onVerbatim, offVerbatim
      ifThen, ifThenI, ifThenE, elseIf, elseIfI, elseIfE, else
      endIf, eject, onECImplicitLoad, offECImplicitLoad, save
--- Rolling Horizon v2.gms(29) 3 Mb
--- . Data_120.csv(121) 3 Mb
--- Rolling Horizon v2.gms(93) 3 Mb 2 Errors
*** Error 257 in C:\Users\Remi\OneDrive - UCB-O365\Documents\lecture notes\MSc\Thesis\GAMS\Rolling Horizon v2.gms
    Solve statement not checked because of previous errors
--- Rolling Horizon v2.gms(94) 3 Mb 3 Errors
*** Error 141 in C:\Users\Remi\OneDrive - UCB-O365\Documents\lecture notes\MSc\Thesis\GAMS\Rolling Horizon v2.gms
    Symbol declared but no values have been assigned. Check for missing
       data definition, assignment, data loading or implicit assignment
       via a solve statement.
       A wild shot: You may have spurious commas in the explanatory
       text of a declaration. Check symbol reference list.
--- Rolling Horizon v2.gms(98) 3 Mb
--- $echo File C:\Users\Remi\OneDrive - UCB-O365\Documents\lecture notes\MSc\Thesis\GAMS\cplex.opt
--- Rolling Horizon v2.gms(104) 3 Mb 3 Errors
*** Status: Compilation error(s)
--- Job Rolling Horizon v2.gms Stop 05/30/23 15:51:54 elapsed 0:00:00.067
