--- Job MODEL.gms Start 05/28/23 00:39:00 42.2.0 ef14ea53 LEX-LEG x86 64bit/Linux
--- Applying:
    /opt/gams/42.2.0/gmsprmun.txt
    /opt/gams/42.2.0/gamsconfig.yaml
--- GAMS Parameters defined
    Restart /var/lib/condor/execute/dir_204212/gamsexec/restart.g00
    Input /var/lib/condor/execute/dir_204212/gamsexec/MODEL.gms
    Output /var/lib/condor/execute/dir_204212/gamsexec/solve.lst
    PageWidth 79
    PageSize 0
    ScrDir /var/lib/condor/execute/dir_204212/neos-204217/
    SysDir /opt/gams/42.2.0/
    CurDir /var/lib/condor/execute/dir_204212/gamsexec/
    LogOption 4
    LogFile /var/lib/condor/execute/dir_204212/gamsexec/solve.log
    AppendOut 1
    AppendLog 0
    Suppress 0
    CErr 10
    ErrMsg 1
    ErrorLog 99
    LimRow 0
    LimCol 0
    IDE 1
    GDX /var/lib/condor/execute/dir_204212/gamsexec/out.gdx
    ExecMode 3
    gdxCompress 1
    Solver coincbc
    LstTitleLeftAligned 1
Licensee: NEOS Server License prod-exec-6.neos-server.orgS221207/0001AB-GEN
          mac@d0:94:66:89:89:0f                                     DCE1890
          /opt/gams/42.2.0/gamslice.txt
          Evaluation license: Not for commercial or production use
Processor information: 2 socket(s), 36 core(s), and 72 thread(s) available
GAMS 42.2.0   Copyright (C) 1987-2023 GAMS Development. All rights reserved
--- Starting continued compilation
--- Workfile was generated under GAMS version WEX420-420
--- MODEL.gms(4) 3 Mb[FIL:"/var/lib/condor/execute/dir_204212/gamsexec/MODEL.gms",4,0]
--- Starting execution: elapsed 0:00:00.005[LST:10]
--- MODEL.gms(805) 4 Mb[FIL:"/var/lib/condor/execute/dir_204212/gamsexec/MODEL.gms",805,0]
--- Generating RMIP model energy_storage[LST:391]
--- MODEL.gms(814) 4 Mb[FIL:"/var/lib/condor/execute/dir_204212/gamsexec/MODEL.gms",814,0]
--- LOOPS i = 1
---   625 rows  577 columns  1,300 non-zeroes
---   96 discrete-columns
--- Range statistics (absolute non-zero finite values)
--- RHS       [min, max] : [ 1.000E+00, 1.000E+03] - Zero values observed as well
--- Bound     [min, max] : [ 1.000E+00, 1.000E+00] - Zero values observed as well
--- Matrix    [min, max] : [ 1.100E-01, 1.000E+02]
--- Executing COINCBC (Solvelink=2): elapsed 0:00:00.009[LST:406]

COIN-OR CBC      42.2.0 ef14ea53 Feb 16, 2023          LEG x86 64bit/Linux    

COIN-OR Branch and Cut (CBC Library 2.10.8)
written by J. Forrest

Calling CBC main solution routine...
Perturbing problem by 0.001% of 5.4509716 - largest nonzero change 6.7711591e-05 ( 0.032667224%) - largest zero change 5.2572765e-05
0  Obj -0.0029954458 Primal inf 134.16408 (2) Dual inf 48.797607 (26)
73  Obj 3449.9327 Primal inf 135.63096 (13)
87  Obj 3449.9156
Optimal - objective value 3450.6
Optimal objective 3450.6 - 87 iterations time 0.002, Presolve 0.00

Solved to optimality.
--- Reading solution for model energy_storage[LST:420]
--- Executing after solve: elapsed 0:00:00.042[LST:1787]
--- MODEL.gms(805) 4 Mb[FIL:"/var/lib/condor/execute/dir_204212/gamsexec/MODEL.gms",805,0]
--- Generating RMIP model energy_storage[LST:2103]
--- MODEL.gms(814) 4 Mb[FIL:"/var/lib/condor/execute/dir_204212/gamsexec/MODEL.gms",814,0]
--- LOOPS i = 2
---   937 rows  865 columns  1,948 non-zeroes
---   144 discrete-columns
--- Range statistics (absolute non-zero finite values)
--- RHS       [min, max] : [ 1.000E+00, 1.000E+03] - Zero values observed as well
--- Bound     [min, max] : [ 1.000E+00, 1.000E+03] - Zero values observed as well
--- Matrix    [min, max] : [ 1.100E-01, 1.000E+02]
--- Executing COINCBC (Solvelink=2): elapsed 0:00:00.045[LST:2118]

COIN-OR CBC      42.2.0 ef14ea53 Feb 16, 2023          LEG x86 64bit/Linux    

COIN-OR Branch and Cut (CBC Library 2.10.8)
written by J. Forrest

Calling CBC main solution routine...
Perturbing problem by 0.001% of 3.4775242 - largest nonzero change 6.606945e-05 ( 0.018160335%) - largest zero change 5.1502322e-05
0  Obj 1929.0614 Primal inf 1045.924 (6) Dual inf 103.51134 (34)
0  Obj 1929.0444 Primal inf 1045.924 (6) Dual inf 4.2663069e+12 (44)
54  Obj 4248.9 Dual inf 16.863313 (3)
78  Obj 4797.9
Optimal - objective value 4797.9
Optimal objective 4797.9 - 78 iterations time 0.002, Presolve 0.00

Solved to optimality.
--- Reading solution for model energy_storage[LST:2132]
--- Executing after solve: elapsed 0:00:00.080[LST:4100]
--- MODEL.gms(805) 4 Mb[FIL:"/var/lib/condor/execute/dir_204212/gamsexec/MODEL.gms",805,0]
--- Generating RMIP model energy_storage[LST:4418]
--- MODEL.gms(814) 4 Mb[FIL:"/var/lib/condor/execute/dir_204212/gamsexec/MODEL.gms",814,0]
--- LOOPS i = 3
---   1,249 rows  1,153 columns  2,620 non-zeroes
---   192 discrete-columns
--- Range statistics (absolute non-zero finite values)
--- RHS       [min, max] : [ 1.000E+00, 1.000E+03] - Zero values observed as well
--- Bound     [min, max] : [ 1.766E-12, 1.000E+03] - Zero values observed as well
--- Matrix    [min, max] : [ 1.100E-01, 1.000E+02]
--- Executing COINCBC (Solvelink=2): elapsed 0:00:00.083[LST:4433]

COIN-OR CBC      42.2.0 ef14ea53 Feb 16, 2023          LEG x86 64bit/Linux    

COIN-OR Branch and Cut (CBC Library 2.10.8)
written by J. Forrest

Calling CBC main solution routine...
Perturbing problem by 0.001% of 55.126662 - largest nonzero change 0.00029186673 ( 0.018803599%) - largest zero change 7.7195966e-05
0  Obj -14368.032 Primal inf 1112.1581 (6) Dual inf 98.286188 (9)
72  Obj 18269.55
Optimal - objective value 18269.922
Optimal objective 18269.92222 - 72 iterations time 0.002, Presolve 0.00

Solved to optimality.
--- Reading solution for model energy_storage[LST:4447]
--- Executing after solve: elapsed 0:00:00.121[LST:7013]
--- MODEL.gms(805) 4 Mb[FIL:"/var/lib/condor/execute/dir_204212/gamsexec/MODEL.gms",805,0]
--- Generating RMIP model energy_storage[LST:7335]
--- MODEL.gms(814) 4 Mb[FIL:"/var/lib/condor/execute/dir_204212/gamsexec/MODEL.gms",814,0]
--- LOOPS i = 4
---   1,561 rows  1,441 columns  3,276 non-zeroes
---   240 discrete-columns
--- Range statistics (absolute non-zero finite values)
--- RHS       [min, max] : [ 1.000E+00, 1.000E+03] - Zero values observed as well
--- Bound     [min, max] : [ 1.766E-12, 1.000E+03] - Zero values observed as well
--- Matrix    [min, max] : [ 1.100E-01, 1.000E+02]
--- Executing COINCBC (Solvelink=2): elapsed 0:00:00.124[LST:7350]

COIN-OR CBC      42.2.0 ef14ea53 Feb 16, 2023          LEG x86 64bit/Linux    

COIN-OR Branch and Cut (CBC Library 2.10.8)
written by J. Forrest

Calling CBC main solution routine...
Perturbing problem by 0.001% of 55.126662 - largest nonzero change 0.00033191172 ( 0.018335581%) - largest zero change 7.7208875e-05
0  Obj 11708.562 Primal inf 887.22162 (3) Dual inf 581.28113 (32)
67  Obj 23481.277
Optimal - objective value 23481.644
Optimal objective 23481.64444 - 67 iterations time 0.002, Presolve 0.00

Solved to optimality.
--- Reading solution for model energy_storage[LST:7364]
--- Executing after solve: elapsed 0:00:00.164[LST:10530]
--- MODEL.gms(805) 4 Mb[FIL:"/var/lib/condor/execute/dir_204212/gamsexec/MODEL.gms",805,0]
--- Generating RMIP model energy_storage[LST:10855]
--- MODEL.gms(814) 4 Mb[FIL:"/var/lib/condor/execute/dir_204212/gamsexec/MODEL.gms",814,0]
--- LOOPS i = 5
---   1,873 rows  1,729 columns  3,926 non-zeroes
---   288 discrete-columns
--- Range statistics (absolute non-zero finite values)
--- RHS       [min, max] : [ 1.000E+00, 1.000E+03] - Zero values observed as well
--- Bound     [min, max] : [ 1.766E-12, 1.000E+03] - Zero values observed as well
--- Matrix    [min, max] : [ 1.000E-02, 1.000E+02]
--- Executing COINCBC (Solvelink=2): elapsed 0:00:00.168[LST:10870]

COIN-OR CBC      42.2.0 ef14ea53 Feb 16, 2023          LEG x86 64bit/Linux    

COIN-OR Branch and Cut (CBC Library 2.10.8)
written by J. Forrest

Calling CBC main solution routine...
Perturbing problem by 0.001% of 33.352618 - largest nonzero change 0.00022266728 ( 0.29380281%) - largest zero change 6.6371606e-05
0  Obj 20756.665 Primal inf 2639.9836 (13) Dual inf 52.446154 (16)
73  Obj 24738.451
Optimal - objective value 24738.667
Optimal objective 24738.66667 - 73 iterations time 0.002, Presolve 0.00

Solved to optimality.
--- Reading solution for model energy_storage[LST:10884]
--- Executing after solve: elapsed 0:00:00.211[LST:14650]
--- MODEL.gms(805) 4 Mb[FIL:"/var/lib/condor/execute/dir_204212/gamsexec/MODEL.gms",805,0]
--- Generating RMIP model energy_storage[LST:14977]
--- MODEL.gms(814) 4 Mb[FIL:"/var/lib/condor/execute/dir_204212/gamsexec/MODEL.gms",814,0]
--- LOOPS i = 6
---   2,185 rows  2,017 columns  4,576 non-zeroes
---   336 discrete-columns
--- Range statistics (absolute non-zero finite values)
--- RHS       [min, max] : [ 1.000E+00, 1.000E+03] - Zero values observed as well
--- Bound     [min, max] : [ 1.766E-12, 1.000E+03] - Zero values observed as well
--- Matrix    [min, max] : [ 1.000E-02, 1.000E+02]
--- Executing COINCBC (Solvelink=2): elapsed 0:00:00.215[LST:14992]

COIN-OR CBC      42.2.0 ef14ea53 Feb 16, 2023          LEG x86 64bit/Linux    

COIN-OR Branch and Cut (CBC Library 2.10.8)
written by J. Forrest

Calling CBC main solution routine...
Perturbing problem by 0.001% of 3.1218683 - largest nonzero change 6.628688e-05 ( 0.20353263%) - largest zero change 5.1325306e-05
0  Obj 22507.663 Primal inf 830.98749 (3) Dual inf 27.915807 (20)
71  Obj 26112.842
Optimal - objective value 26112.967
Optimal objective 26112.96667 - 71 iterations time 0.002, Presolve 0.00

Solved to optimality.
--- Reading solution for model energy_storage[LST:15006]
--- Executing after solve: elapsed 0:00:00.260[LST:19372]
--- MODEL.gms(805) 4 Mb[FIL:"/var/lib/condor/execute/dir_204212/gamsexec/MODEL.gms",805,0]
--- Generating RMIP model energy_storage[LST:19702]
--- MODEL.gms(814) 4 Mb[FIL:"/var/lib/condor/execute/dir_204212/gamsexec/MODEL.gms",814,0]
--- LOOPS i = 7
---   2,497 rows  2,305 columns  5,248 non-zeroes
---   384 discrete-columns
--- Range statistics (absolute non-zero finite values)
--- RHS       [min, max] : [ 1.000E+00, 1.000E+03] - Zero values observed as well
--- Bound     [min, max] : [ 1.766E-12, 1.000E+03] - Zero values observed as well
--- Matrix    [min, max] : [ 1.000E-02, 1.000E+02]
--- Executing COINCBC (Solvelink=2): elapsed 0:00:00.264[LST:19717]

COIN-OR CBC      42.2.0 ef14ea53 Feb 16, 2023          LEG x86 64bit/Linux    

COIN-OR Branch and Cut (CBC Library 2.10.8)
written by J. Forrest

Calling CBC main solution routine...
Perturbing problem by 0.001% of 3.5763175 - largest nonzero change 6.6808254e-05 ( 0.01431301%) - largest zero change 5.1545714e-05
0  Obj 24074.651 Primal inf 814.75335 (6) Dual inf 16.191873 (9)
59  Obj 27381.616
Optimal - objective value 27381.822
Optimal objective 27381.82222 - 59 iterations time 0.002, Presolve 0.00

Solved to optimality.
--- Reading solution for model energy_storage[LST:19731]
--- Executing after solve: elapsed 0:00:00.311[LST:24697]
--- MODEL.gms(805) 4 Mb[FIL:"/var/lib/condor/execute/dir_204212/gamsexec/MODEL.gms",805,0]
--- Generating RMIP model energy_storage[LST:25029]
--- MODEL.gms(814) 5 Mb[FIL:"/var/lib/condor/execute/dir_204212/gamsexec/MODEL.gms",814,0]
--- LOOPS i = 8
---   2,809 rows  2,593 columns  5,896 non-zeroes
---   432 discrete-columns
--- Range statistics (absolute non-zero finite values)
--- RHS       [min, max] : [ 1.000E+00, 1.000E+03] - Zero values observed as well
--- Bound     [min, max] : [ 1.766E-12, 1.000E+03] - Zero values observed as well
--- Matrix    [min, max] : [ 1.000E-02, 1.000E+02]
--- Executing COINCBC (Solvelink=2): elapsed 0:00:00.316[LST:25044]

COIN-OR CBC      42.2.0 ef14ea53 Feb 16, 2023          LEG x86 64bit/Linux    

COIN-OR Branch and Cut (CBC Library 2.10.8)
written by J. Forrest

Calling CBC main solution routine...
Perturbing problem by 0.001% of 3.5763175 - largest nonzero change 6.6414225e-05 ( 0.013433461%) - largest zero change 5.1551493e-05
0  Obj 25575.861 Primal inf 719.21779 (16) Dual inf 17.673698 (10)
63  Obj 28418.681
Optimal - objective value 28418.811
Optimal objective 28418.81111 - 63 iterations time 0.002, Presolve 0.00

Solved to optimality.
--- Reading solution for model energy_storage[LST:25058]
--- Executing after solve: elapsed 0:00:00.366[LST:30624]
--- MODEL.gms(805) 5 Mb[FIL:"/var/lib/condor/execute/dir_204212/gamsexec/MODEL.gms",805,0]
--- Generating RMIP model energy_storage[LST:30958]
--- MODEL.gms(814) 5 Mb[FIL:"/var/lib/condor/execute/dir_204212/gamsexec/MODEL.gms",814,0]
--- LOOPS i = 9
---   3,121 rows  2,881 columns  6,530 non-zeroes
---   480 discrete-columns
--- Range statistics (absolute non-zero finite values)
--- RHS       [min, max] : [ 1.000E+00, 1.000E+03] - Zero values observed as well
--- Bound     [min, max] : [ 1.766E-12, 1.000E+03] - Zero values observed as well
--- Matrix    [min, max] : [ 1.000E-02, 1.000E+02]
--- Executing COINCBC (Solvelink=2): elapsed 0:00:00.371[LST:30973]

COIN-OR CBC      42.2.0 ef14ea53 Feb 16, 2023          LEG x86 64bit/Linux    

COIN-OR Branch and Cut (CBC Library 2.10.8)
written by J. Forrest

Calling CBC main solution routine...
Perturbing problem by 0.001% of 2.904523 - largest nonzero change 6.5107202e-05 ( 0.25891546%) - largest zero change 5.121713e-05
0  Obj 28059.73 Primal inf 506.10719 (4) Dual inf 9.0135187 (4)
20  Obj 28786.881
Optimal - objective value 28786.911
Optimal objective 28786.91111 - 20 iterations time 0.002, Presolve 0.00

Solved to optimality.
--- Reading solution for model energy_storage[LST:30987]
--- Executing after solve: elapsed 0:00:00.423[LST:37153]
--- MODEL.gms(805) 5 Mb[FIL:"/var/lib/condor/execute/dir_204212/gamsexec/MODEL.gms",805,0]
--- Generating RMIP model energy_storage[LST:37490]
--- MODEL.gms(814) 5 Mb[FIL:"/var/lib/condor/execute/dir_204212/gamsexec/MODEL.gms",814,0]
--- LOOPS i = 10
---   3,433 rows  3,169 columns  7,168 non-zeroes
---   528 discrete-columns
--- Range statistics (absolute non-zero finite values)
--- RHS       [min, max] : [ 1.000E+00, 1.000E+03] - Zero values observed as well
--- Bound     [min, max] : [ 1.766E-12, 1.000E+03] - Zero values observed as well
--- Matrix    [min, max] : [ 1.000E-02, 1.000E+02]
--- Executing COINCBC (Solvelink=2): elapsed 0:00:00.429[LST:37505]

COIN-OR CBC      42.2.0 ef14ea53 Feb 16, 2023          LEG x86 64bit/Linux    

COIN-OR Branch and Cut (CBC Library 2.10.8)
written by J. Forrest

Calling CBC main solution routine...
Perturbing problem by 0.001% of 2.6279018 - largest nonzero change 6.3605795e-05 ( 0.24232269%) - largest zero change 5.1079452e-05
0  Obj 27386.929 Primal inf 606.05096 (2) Dual inf 5.0383682 (3)
35  Obj 29590.494
Optimal - objective value 29590.611
Optimal objective 29590.61111 - 35 iterations time 0.002, Presolve 0.00

Solved to optimality.
--- Reading solution for model energy_storage[LST:37519]
--- Executing after solve: elapsed 0:00:00.484[LST:44285]
--- MODEL.gms(805) 5 Mb[FIL:"/var/lib/condor/execute/dir_204212/gamsexec/MODEL.gms",805,0]
--- Generating RMIP model energy_storage[LST:44624]
--- MODEL.gms(814) 5 Mb[FIL:"/var/lib/condor/execute/dir_204212/gamsexec/MODEL.gms",814,0]
--- LOOPS i = 11
---   3,745 rows  3,457 columns  7,816 non-zeroes
---   576 discrete-columns
--- Range statistics (absolute non-zero finite values)
--- RHS       [min, max] : [ 1.000E+00, 1.000E+03] - Zero values observed as well
--- Bound     [min, max] : [ 1.766E-12, 1.000E+03] - Zero values observed as well
--- Matrix    [min, max] : [ 1.000E-02, 1.000E+02]
--- Executing COINCBC (Solvelink=2): elapsed 0:00:00.490[LST:44639]

COIN-OR CBC      42.2.0 ef14ea53 Feb 16, 2023          LEG x86 64bit/Linux    

COIN-OR Branch and Cut (CBC Library 2.10.8)
written by J. Forrest

Calling CBC main solution routine...
Perturbing problem by 0.001% of 3.2009029 - largest nonzero change 6.4158411e-05 ( 0.0029233577%) - largest zero change 5.1364643e-05
0  Obj 27980.829 Primal inf 718.51922 (4) Dual inf 10.310271 (5)
62  Obj 30809.053
Optimal - objective value 30809.211
Optimal objective 30809.21111 - 62 iterations time 0.002, Presolve 0.00

Solved to optimality.
--- Reading solution for model energy_storage[LST:44653]
--- Executing after solve: elapsed 0:00:00.548[LST:52019]
--- MODEL.gms(805) 5 Mb[FIL:"/var/lib/condor/execute/dir_204212/gamsexec/MODEL.gms",805,0]
--- Generating RMIP model energy_storage[LST:52361]
--- MODEL.gms(814) 5 Mb[FIL:"/var/lib/condor/execute/dir_204212/gamsexec/MODEL.gms",814,0]
--- LOOPS i = 12
---   4,057 rows  3,745 columns  8,464 non-zeroes
---   624 discrete-columns
--- Range statistics (absolute non-zero finite values)
--- RHS       [min, max] : [ 1.000E+00, 1.000E+03] - Zero values observed as well
--- Bound     [min, max] : [ 1.766E-12, 1.000E+03] - Zero values observed as well
--- Matrix    [min, max] : [ 1.000E-02, 1.000E+02]
--- Executing COINCBC (Solvelink=2): elapsed 0:00:00.555[LST:52376]

COIN-OR CBC      42.2.0 ef14ea53 Feb 16, 2023          LEG x86 64bit/Linux    

COIN-OR Branch and Cut (CBC Library 2.10.8)
written by J. Forrest

Calling CBC main solution routine...
Perturbing problem by 0.001% of 3.2009029 - largest nonzero change 6.4749454e-05 ( 0.0028135304%) - largest zero change 5.1364643e-05
0  Obj 29177.335 Primal inf 1224.6264 (9) Dual inf 8.1798492 (6)
55  Obj 31993.445
Optimal - objective value 31993.611
Optimal objective 31993.61111 - 55 iterations time 0.002, Presolve 0.00

Solved to optimality.
--- Reading solution for model energy_storage[LST:52390]
--- Executing after solve: elapsed 0:00:00.615[LST:60356]
--- MODEL.gms(805) 5 Mb[FIL:"/var/lib/condor/execute/dir_204212/gamsexec/MODEL.gms",805,0]
--- Generating RMIP model energy_storage[LST:60700]
--- MODEL.gms(814) 5 Mb[FIL:"/var/lib/condor/execute/dir_204212/gamsexec/MODEL.gms",814,0]
--- LOOPS i = 13
---   4,369 rows  4,033 columns  9,112 non-zeroes
---   672 discrete-columns
--- Range statistics (absolute non-zero finite values)
--- RHS       [min, max] : [ 1.000E+00, 1.000E+03] - Zero values observed as well
--- Bound     [min, max] : [ 1.766E-12, 1.000E+03] - Zero values observed as well
--- Matrix    [min, max] : [ 1.000E-02, 1.000E+02]
--- Executing COINCBC (Solvelink=2): elapsed 0:00:00.622[LST:60715]

COIN-OR CBC      42.2.0 ef14ea53 Feb 16, 2023          LEG x86 64bit/Linux    

COIN-OR Branch and Cut (CBC Library 2.10.8)
written by J. Forrest

Calling CBC main solution routine...
Perturbing problem by 0.001% of 2.8254884 - largest nonzero change 6.4069755e-05 ( 0.25871691%) - largest zero change 5.1177794e-05
0  Obj 30877.077 Primal inf 1798.1629 (10) Dual inf 16.895547 (12)
69  Obj 33140.789
Optimal - objective value 33141.111
Optimal objective 33141.11111 - 69 iterations time 0.002, Presolve 0.00

Solved to optimality.
--- Reading solution for model energy_storage[LST:60729]
--- Executing after solve: elapsed 0:00:00.685[LST:69295]
--- MODEL.gms(805) 5 Mb[FIL:"/var/lib/condor/execute/dir_204212/gamsexec/MODEL.gms",805,0]
--- Generating RMIP model energy_storage[LST:69641]
--- MODEL.gms(814) 5 Mb[FIL:"/var/lib/condor/execute/dir_204212/gamsexec/MODEL.gms",814,0]
--- LOOPS i = 14
---   4,681 rows  4,321 columns  9,760 non-zeroes
---   720 discrete-columns
--- Range statistics (absolute non-zero finite values)
--- RHS       [min, max] : [ 1.000E+00, 1.000E+03] - Zero values observed as well
--- Bound     [min, max] : [ 1.766E-12, 1.000E+03] - Zero values observed as well
--- Matrix    [min, max] : [ 1.000E-02, 1.000E+02]
--- Executing COINCBC (Solvelink=2): elapsed 0:00:00.692[LST:69656]

COIN-OR CBC      42.2.0 ef14ea53 Feb 16, 2023          LEG x86 64bit/Linux    

COIN-OR Branch and Cut (CBC Library 2.10.8)
written by J. Forrest

Calling CBC main solution routine...
Perturbing problem by 0.001% of 2.8254884 - largest nonzero change 6.3577219e-05 ( 0.2427885%) - largest zero change 5.1177794e-05
0  Obj 30956.352 Primal inf 1730.7336 (8) Dual inf 23.710451 (13)
61  Obj 34343.14
Optimal - objective value 34343.511
Optimal objective 34343.51111 - 61 iterations time 0.002, Presolve 0.00

Solved to optimality.
--- Reading solution for model energy_storage[LST:69670]
--- Executing after solve: elapsed 0:00:00.758[LST:78836]
--- MODEL.gms(805) 5 Mb[FIL:"/var/lib/condor/execute/dir_204212/gamsexec/MODEL.gms",805,0]
--- Generating RMIP model energy_storage[LST:79185]
--- MODEL.gms(814) 5 Mb[FIL:"/var/lib/condor/execute/dir_204212/gamsexec/MODEL.gms",814,0]
--- LOOPS i = 15
---   4,993 rows  4,609 columns  10,408 non-zeroes
---   768 discrete-columns
--- Range statistics (absolute non-zero finite values)
--- RHS       [min, max] : [ 1.000E+00, 1.000E+03] - Zero values observed as well
--- Bound     [min, max] : [ 1.766E-12, 1.000E+03] - Zero values observed as well
--- Matrix    [min, max] : [ 1.000E-02, 1.000E+02]
--- Executing COINCBC (Solvelink=2): elapsed 0:00:00.765[LST:79200]

COIN-OR CBC      42.2.0 ef14ea53 Feb 16, 2023          LEG x86 64bit/Linux    

COIN-OR Branch and Cut (CBC Library 2.10.8)
written by J. Forrest

Calling CBC main solution routine...
Perturbing problem by 0.001% of 3.2601789 - largest nonzero change 6.4483485e-05 ( 0.0027633895%) - largest zero change 5.1394146e-05
0  Obj 32148.852 Primal inf 2587.9552 (11) Dual inf 20.433976 (11)
55  Obj 35551.033
Optimal - objective value 35551.311
Optimal objective 35551.31111 - 55 iterations time 0.002, Presolve 0.00

Solved to optimality.
--- Reading solution for model energy_storage[LST:79214]
--- Executing after solve: elapsed 0:00:00.833[LST:88980]
--- MODEL.gms(805) 5 Mb[FIL:"/var/lib/condor/execute/dir_204212/gamsexec/MODEL.gms",805,0]
--- Generating RMIP model energy_storage[LST:89331]
--- MODEL.gms(814) 5 Mb[FIL:"/var/lib/condor/execute/dir_204212/gamsexec/MODEL.gms",814,0]
--- LOOPS i = 16
---   5,305 rows  4,897 columns  11,056 non-zeroes
---   816 discrete-columns
--- Range statistics (absolute non-zero finite values)
--- RHS       [min, max] : [ 1.000E+00, 1.000E+03] - Zero values observed as well
--- Bound     [min, max] : [ 1.766E-12, 1.000E+03] - Zero values observed as well
--- Matrix    [min, max] : [ 1.000E-02, 1.000E+02]
--- Executing COINCBC (Solvelink=2): elapsed 0:00:00.841[LST:89346]

COIN-OR CBC      42.2.0 ef14ea53 Feb 16, 2023          LEG x86 64bit/Linux    

COIN-OR Branch and Cut (CBC Library 2.10.8)
written by J. Forrest

Calling CBC main solution routine...
Perturbing problem by 0.001% of 41.651256 - largest nonzero change 0.00023237973 ( 0.0035443548%) - largest zero change 7.0501962e-05
0  Obj 34568.271 Primal inf 1539.5067 (7) Dual inf 46.539292 (5)
50  Obj 39851.218
Optimal - objective value 39851.511
Optimal objective 39851.51111 - 50 iterations time 0.002, Presolve 0.00

Solved to optimality.
--- Reading solution for model energy_storage[LST:89360]
--- Executing after solve: elapsed 0:00:00.912[LST:99726]
--- MODEL.gms(805) 5 Mb[FIL:"/var/lib/condor/execute/dir_204212/gamsexec/MODEL.gms",805,0]
--- Generating RMIP model energy_storage[LST:100080]
--- MODEL.gms(814) 5 Mb[FIL:"/var/lib/condor/execute/dir_204212/gamsexec/MODEL.gms",814,0]
--- LOOPS i = 17
---   5,617 rows  5,185 columns  11,702 non-zeroes
---   864 discrete-columns
--- Range statistics (absolute non-zero finite values)
--- RHS       [min, max] : [ 1.000E+00, 1.000E+03] - Zero values observed as well
--- Bound     [min, max] : [ 1.766E-12, 1.000E+03] - Zero values observed as well
--- Matrix    [min, max] : [ 1.000E-02, 1.000E+02]
--- Executing COINCBC (Solvelink=2): elapsed 0:00:00.920[LST:100095]

COIN-OR CBC      42.2.0 ef14ea53 Feb 16, 2023          LEG x86 64bit/Linux    

COIN-OR Branch and Cut (CBC Library 2.10.8)
written by J. Forrest

Calling CBC main solution routine...
Perturbing problem by 0.001% of 41.651256 - largest nonzero change 0.00026226341 ( 0.0036578316%) - largest zero change 7.0501962e-05
0  Obj 35049.121 Primal inf 1680.7336 (8) Dual inf 78.6452 (13)
46  Obj 40971.766
Optimal - objective value 40972.011
Optimal objective 40972.01111 - 46 iterations time 0.002, Presolve 0.00

Solved to optimality.
--- Reading solution for model energy_storage[LST:100109]
--- Executing after solve: elapsed 0:00:01.000[LST:111075]
--- MODEL.gms(805) 5 Mb[FIL:"/var/lib/condor/execute/dir_204212/gamsexec/MODEL.gms",805,0]
--- Generating RMIP model energy_storage[LST:111431]
--- MODEL.gms(814) 6 Mb[FIL:"/var/lib/condor/execute/dir_204212/gamsexec/MODEL.gms",814,0]
--- LOOPS i = 18
---   5,929 rows  5,473 columns  12,340 non-zeroes
---   912 discrete-columns
--- Range statistics (absolute non-zero finite values)
--- RHS       [min, max] : [ 1.000E+00, 1.000E+03] - Zero values observed as well
--- Bound     [min, max] : [ 1.766E-12, 1.000E+03] - Zero values observed as well
--- Matrix    [min, max] : [ 1.000E-02, 1.000E+02]
--- Executing COINCBC (Solvelink=2): elapsed 0:00:01.009[LST:111446]

COIN-OR CBC      42.2.0 ef14ea53 Feb 16, 2023          LEG x86 64bit/Linux    

COIN-OR Branch and Cut (CBC Library 2.10.8)
written by J. Forrest

Calling CBC main solution routine...
Perturbing problem by 0.001% of 2.6674191 - largest nonzero change 6.3625294e-05 ( 0.0028751671%) - largest zero change 5.109912e-05
0  Obj 39354.718 Primal inf 2084.3725 (9) Dual inf 16.281876 (17)
0  Obj 39354.711 Primal inf 2084.3725 (9) Dual inf 4.8588169e+12 (42)
64  Obj 41694.711
Optimal - objective value 41694.711
Optimal objective 41694.71111 - 64 iterations time 0.012, Presolve 0.01

Solved to optimality.
--- Reading solution for model energy_storage[LST:111460]
--- Executing after solve: elapsed 0:00:01.088[LST:123027]
--- MODEL.gms(805) 6 Mb[FIL:"/var/lib/condor/execute/dir_204212/gamsexec/MODEL.gms",805,0]
--- Generating RMIP model energy_storage[LST:123385]
--- MODEL.gms(814) 6 Mb[FIL:"/var/lib/condor/execute/dir_204212/gamsexec/MODEL.gms",814,0]
--- LOOPS i = 19
---   6,241 rows  5,761 columns  12,986 non-zeroes
---   960 discrete-columns
--- Range statistics (absolute non-zero finite values)
--- RHS       [min, max] : [ 1.000E+00, 1.000E+03] - Zero values observed as well
--- Bound     [min, max] : [ 1.766E-12, 1.000E+03] - Zero values observed as well
--- Matrix    [min, max] : [ 1.000E-02, 1.000E+02]
--- Executing COINCBC (Solvelink=2): elapsed 0:00:01.097[LST:123400]

COIN-OR CBC      42.2.0 ef14ea53 Feb 16, 2023          LEG x86 64bit/Linux    

COIN-OR Branch and Cut (CBC Library 2.10.8)
written by J. Forrest

Calling CBC main solution routine...
Perturbing problem by 0.001% of 2.6674191 - largest nonzero change 6.2217821e-05 ( 0.003397288%) - largest zero change 5.109912e-05
0  Obj 40111.617 Primal inf 919.74611 (6) Dual inf 38.689578 (25)
44  Obj 42798.045
Optimal - objective value 42798.111
Optimal objective 42798.11111 - 44 iterations time 0.002, Presolve 0.00

Solved to optimality.
--- Reading solution for model energy_storage[LST:123414]
--- Executing after solve: elapsed 0:00:01.175[LST:135580]
--- MODEL.gms(805) 6 Mb[FIL:"/var/lib/condor/execute/dir_204212/gamsexec/MODEL.gms",805,0]
--- Generating RMIP model energy_storage[LST:135941]
--- MODEL.gms(814) 6 Mb[FIL:"/var/lib/condor/execute/dir_204212/gamsexec/MODEL.gms",814,0]
--- LOOPS i = 20
---   6,553 rows  6,049 columns  13,634 non-zeroes
---   1,008 discrete-columns
--- Range statistics (absolute non-zero finite values)
--- RHS       [min, max] : [ 1.000E+00, 1.000E+03] - Zero values observed as well
--- Bound     [min, max] : [ 1.766E-12, 1.000E+03] - Zero values observed as well
--- Matrix    [min, max] : [ 1.000E-02, 1.000E+02]
--- Executing COINCBC (Solvelink=2): elapsed 0:00:01.185[LST:135956]

COIN-OR CBC      42.2.0 ef14ea53 Feb 16, 2023          LEG x86 64bit/Linux    

COIN-OR Branch and Cut (CBC Library 2.10.8)
written by J. Forrest

Calling CBC main solution routine...
Perturbing problem by 0.001% of 3.2206616 - largest nonzero change 6.4069755e-05 ( 0.0029788093%) - largest zero change 5.1374477e-05
0  Obj 42565.917 Primal inf 135.5743 (5) Dual inf 30.199756 (15)
40  Obj 44033.745
Optimal - objective value 44033.811
Optimal objective 44033.81111 - 40 iterations time 0.002, Presolve 0.00

Solved to optimality.
--- Reading solution for model energy_storage[LST:135970]
--- Executing after solve: elapsed 0:00:01.266[LST:148736]
--- MODEL.gms(805) 6 Mb[FIL:"/var/lib/condor/execute/dir_204212/gamsexec/MODEL.gms",805,0]
--- Generating RMIP model energy_storage[LST:149099]
--- MODEL.gms(814) 6 Mb[FIL:"/var/lib/condor/execute/dir_204212/gamsexec/MODEL.gms",814,0]
--- LOOPS i = 21
---   6,865 rows  6,337 columns  14,284 non-zeroes
---   1,056 discrete-columns
--- Range statistics (absolute non-zero finite values)
--- RHS       [min, max] : [ 1.000E+00, 1.000E+03] - Zero values observed as well
--- Bound     [min, max] : [ 1.766E-12, 1.000E+03] - Zero values observed as well
--- Matrix    [min, max] : [ 1.000E-02, 1.000E+02]
--- Executing COINCBC (Solvelink=2): elapsed 0:00:01.276[LST:149114]

COIN-OR CBC      42.2.0 ef14ea53 Feb 16, 2023          LEG x86 64bit/Linux    

COIN-OR Branch and Cut (CBC Library 2.10.8)
written by J. Forrest

Calling CBC main solution routine...
Perturbing problem by 0.001% of 10.748711 - largest nonzero change 0.00010361956 ( 0.02206606%) - largest zero change 5.5121301e-05
0  Obj 42474.119 Primal inf 562.34132 (1) Dual inf 48.115413 (19)
32  Obj 45990.349
Optimal - objective value 45990.411
Optimal objective 45990.41111 - 32 iterations time 0.012, Presolve 0.01

Solved to optimality.
--- Reading solution for model energy_storage[LST:149128]
--- Executing after solve: elapsed 0:00:01.359[LST:162494]
--- MODEL.gms(805) 6 Mb[FIL:"/var/lib/condor/execute/dir_204212/gamsexec/MODEL.gms",805,0]
--- Generating RMIP model energy_storage[LST:162860]
--- MODEL.gms(814) 6 Mb[FIL:"/var/lib/condor/execute/dir_204212/gamsexec/MODEL.gms",814,0]
--- LOOPS i = 22
---   7,177 rows  6,625 columns  14,940 non-zeroes
---   1,104 discrete-columns
--- Range statistics (absolute non-zero finite values)
--- RHS       [min, max] : [ 1.000E+00, 1.000E+03] - Zero values observed as well
--- Bound     [min, max] : [ 1.766E-12, 1.000E+03] - Zero values observed as well
--- Matrix    [min, max] : [ 1.000E-02, 1.000E+02]
--- Executing COINCBC (Solvelink=2): elapsed 0:00:01.370[LST:162875]

COIN-OR CBC      42.2.0 ef14ea53 Feb 16, 2023          LEG x86 64bit/Linux    

COIN-OR Branch and Cut (CBC Library 2.10.8)
written by J. Forrest

Calling CBC main solution routine...
Perturbing problem by 0.001% of 10.748711 - largest nonzero change 0.00010880185 ( 0.028640305%) - largest zero change 5.5121301e-05
0  Obj 45980.519 Dual inf 33.944672 (17)
27  Obj 47517.65
Optimal - objective value 47517.711
Optimal objective 47517.71111 - 27 iterations time 0.002, Presolve 0.00

Solved to optimality.
--- Reading solution for model energy_storage[LST:162889]
--- Executing after solve: elapsed 0:00:01.456[LST:176855]
--- MODEL.gms(805) 6 Mb[FIL:"/var/lib/condor/execute/dir_204212/gamsexec/MODEL.gms",805,0]
--- Generating RMIP model energy_storage[LST:177223]
--- MODEL.gms(814) 6 Mb[FIL:"/var/lib/condor/execute/dir_204212/gamsexec/MODEL.gms",814,0]
--- LOOPS i = 23
---   7,489 rows  6,913 columns  15,612 non-zeroes
---   1,152 discrete-columns
--- Range statistics (absolute non-zero finite values)
--- RHS       [min, max] : [ 1.000E+00, 1.000E+03] - Zero values observed as well
--- Bound     [min, max] : [ 1.766E-12, 1.000E+03] - Zero values observed as well
--- Matrix    [min, max] : [ 1.000E-02, 1.000E+02]
--- Executing COINCBC (Solvelink=2): elapsed 0:00:01.467[LST:177238]

COIN-OR CBC      42.2.0 ef14ea53 Feb 16, 2023          LEG x86 64bit/Linux    

COIN-OR Branch and Cut (CBC Library 2.10.8)
written by J. Forrest

Calling CBC main solution routine...
Perturbing problem by 0.001% of 3.1218683 - largest nonzero change 6.6877209e-05 ( 0.011405231%) - largest zero change 5.1325306e-05
0  Obj 47187.786 Primal inf 168.7024 (1) Dual inf 43.124358 (27)
41  Obj 48526.338
Optimal - objective value 48526.411
Optimal objective 48526.41111 - 41 iterations time 0.002, Presolve 0.00

Solved to optimality.
--- Reading solution for model energy_storage[LST:177252]
--- Executing after solve: elapsed 0:00:01.556[LST:191818]
--- MODEL.gms(805) 6 Mb[FIL:"/var/lib/condor/execute/dir_204212/gamsexec/MODEL.gms",805,0]
--- Generating RMIP model energy_storage[LST:192188]
--- MODEL.gms(814) 6 Mb[FIL:"/var/lib/condor/execute/dir_204212/gamsexec/MODEL.gms",814,0]
--- LOOPS i = 24
---   7,801 rows  7,201 columns  16,284 non-zeroes
---   1,200 discrete-columns
--- Range statistics (absolute non-zero finite values)
--- RHS       [min, max] : [ 1.000E+00, 1.000E+03] - Zero values observed as well
--- Bound     [min, max] : [ 1.766E-12, 1.000E+03] - Zero values observed as well
--- Matrix    [min, max] : [ 1.000E-02, 1.000E+02]
--- Executing COINCBC (Solvelink=2): elapsed 0:00:01.567[LST:192203]

COIN-OR CBC      42.2.0 ef14ea53 Feb 16, 2023          LEG x86 64bit/Linux    

COIN-OR Branch and Cut (CBC Library 2.10.8)
written by J. Forrest

Calling CBC main solution routine...
Perturbing problem by 0.001% of 5.0186997 - largest nonzero change 7.0665818e-05 ( 0.011605985%) - largest zero change 5.2269388e-05
0  Obj 47866.552 Primal inf 1005.9802 (7) Dual inf 49.215392 (30)
40  Obj 49719.924
Optimal - objective value 49720
Optimal objective 49720 - 40 iterations time 0.002, Presolve 0.00

Solved to optimality.
--- Reading solution for model energy_storage[LST:192217]
--- Executing after solve: elapsed 0:00:01.659[LST:207383]
--- MODEL.gms(805) 6 Mb[FIL:"/var/lib/condor/execute/dir_204212/gamsexec/MODEL.gms",805,0]
--- Generating RMIP model energy_storage[LST:207756]
--- MODEL.gms(814) 6 Mb[FIL:"/var/lib/condor/execute/dir_204212/gamsexec/MODEL.gms",814,0]
--- LOOPS i = 25
---   8,113 rows  7,489 columns  16,940 non-zeroes
---   1,248 discrete-columns
--- Range statistics (absolute non-zero finite values)
--- RHS       [min, max] : [ 1.000E+00, 1.000E+03] - Zero values observed as well
--- Bound     [min, max] : [ 1.766E-12, 1.000E+03] - Zero values observed as well
--- Matrix    [min, max] : [ 1.000E-02, 1.000E+02]
--- Executing COINCBC (Solvelink=2): elapsed 0:00:01.671[LST:207771]

COIN-OR CBC      42.2.0 ef14ea53 Feb 16, 2023          LEG x86 64bit/Linux    

COIN-OR Branch and Cut (CBC Library 2.10.8)
written by J. Forrest

Calling CBC main solution routine...
Perturbing problem by 0.001% of 5.0186997 - largest nonzero change 7.2926218e-05 ( 0.012945239%) - largest zero change 5.2269388e-05
0  Obj 48643.807 Primal inf 698.57545 (4) Dual inf 53.933513 (26)
36  Obj 51128.946
Optimal - objective value 51129.033
Optimal objective 51129.03333 - 36 iterations time 0.012, Presolve 0.01

Solved to optimality.
--- Reading solution for model energy_storage[LST:207785]
--- Executing after solve: elapsed 0:00:01.765[LST:223551]
--- MODEL.gms(805) 6 Mb[FIL:"/var/lib/condor/execute/dir_204212/gamsexec/MODEL.gms",805,0]
--- Generating RMIP model energy_storage[LST:223926]
--- MODEL.gms(814) 6 Mb[FIL:"/var/lib/condor/execute/dir_204212/gamsexec/MODEL.gms",814,0]
--- LOOPS i = 26
---   8,425 rows  7,777 columns  17,590 non-zeroes
---   1,296 discrete-columns
--- Range statistics (absolute non-zero finite values)
--- RHS       [min, max] : [ 1.000E+00, 1.000E+03] - Zero values observed as well
--- Bound     [min, max] : [ 1.766E-12, 1.000E+03] - Zero values observed as well
--- Matrix    [min, max] : [ 1.000E-02, 1.000E+02]
--- Executing COINCBC (Solvelink=2): elapsed 0:00:01.777[LST:223941]

COIN-OR CBC      42.2.0 ef14ea53 Feb 16, 2023          LEG x86 64bit/Linux    

COIN-OR Branch and Cut (CBC Library 2.10.8)
written by J. Forrest

Calling CBC main solution routine...
Perturbing problem by 0.001% of 3.1613856 - largest nonzero change 6.6403873e-05 ( 0.22736515%) - largest zero change 5.1344975e-05
0  Obj 50249.097 Primal inf 449.87306 (1) Dual inf 46.148803 (22)
44  Obj 52287.664
Optimal - objective value 52287.733
Optimal objective 52287.73333 - 44 iterations time 0.012, Presolve 0.00

Solved to optimality.
--- Reading solution for model energy_storage[LST:223955]
--- Executing after solve: elapsed 0:00:01.875[LST:240321]
--- MODEL.gms(805) 6 Mb[FIL:"/var/lib/condor/execute/dir_204212/gamsexec/MODEL.gms",805,0]
--- Generating RMIP model energy_storage[LST:240699]
--- MODEL.gms(814) 6 Mb[FIL:"/var/lib/condor/execute/dir_204212/gamsexec/MODEL.gms",814,0]
--- LOOPS i = 27
---   8,737 rows  8,065 columns  18,242 non-zeroes
---   1,344 discrete-columns
--- Range statistics (absolute non-zero finite values)
--- RHS       [min, max] : [ 1.000E+00, 1.000E+03] - Zero values observed as well
--- Bound     [min, max] : [ 1.766E-12, 1.000E+03] - Zero values observed as well
--- Matrix    [min, max] : [ 1.000E-02, 1.000E+02]
--- Executing COINCBC (Solvelink=2): elapsed 0:00:01.888[LST:240714]

COIN-OR CBC      42.2.0 ef14ea53 Feb 16, 2023          LEG x86 64bit/Linux    

COIN-OR Branch and Cut (CBC Library 2.10.8)
written by J. Forrest

Calling CBC main solution routine...
Perturbing problem by 0.001% of 4.070284 - largest nonzero change 6.647905e-05 ( 0.20540163%) - largest zero change 5.1797347e-05
0  Obj 51893.54 Primal inf 188.70239 (3) Dual inf 39.722332 (17)
35  Obj 53864.462
Optimal - objective value 53864.533
Optimal objective 53864.53333 - 35 iterations time 0.012, Presolve 0.00

Solved to optimality.
--- Reading solution for model energy_storage[LST:240728]
--- Executing after solve: elapsed 0:00:01.988[LST:257694]
--- MODEL.gms(805) 6 Mb[FIL:"/var/lib/condor/execute/dir_204212/gamsexec/MODEL.gms",805,0]
--- Generating RMIP model energy_storage[LST:258074]
--- MODEL.gms(814) 7 Mb[FIL:"/var/lib/condor/execute/dir_204212/gamsexec/MODEL.gms",814,0]
--- LOOPS i = 28
---   9,049 rows  8,353 columns  18,914 non-zeroes
---   1,392 discrete-columns
--- Range statistics (absolute non-zero finite values)
--- RHS       [min, max] : [ 1.000E+00, 1.000E+03] - Zero values observed as well
--- Bound     [min, max] : [ 1.766E-12, 1.000E+03] - Zero values observed as well
--- Matrix    [min, max] : [ 1.000E-02, 1.000E+02]
--- Executing COINCBC (Solvelink=2): elapsed 0:00:02.001[LST:258089]

COIN-OR CBC      42.2.0 ef14ea53 Feb 16, 2023          LEG x86 64bit/Linux    

COIN-OR Branch and Cut (CBC Library 2.10.8)
written by J. Forrest

Calling CBC main solution routine...
Perturbing problem by 0.001% of 5.7300114 - largest nonzero change 7.319381e-05 ( 0.014546273%) - largest zero change 5.2623418e-05
0  Obj 53117.541 Primal inf 397.40479 (2) Dual inf 85.110287 (33)
43  Obj 54782.749
Optimal - objective value 54782.833
Optimal objective 54782.83333 - 43 iterations time 0.012, Presolve 0.01

Solved to optimality.
--- Reading solution for model energy_storage[LST:258103]
--- Executing after solve: elapsed 0:00:02.105[LST:275669]
--- MODEL.gms(805) 7 Mb[FIL:"/var/lib/condor/execute/dir_204212/gamsexec/MODEL.gms",805,0]
--- Generating RMIP model energy_storage[LST:276051]
--- MODEL.gms(814) 7 Mb[FIL:"/var/lib/condor/execute/dir_204212/gamsexec/MODEL.gms",814,0]
--- LOOPS i = 29
---   9,361 rows  8,641 columns  19,586 non-zeroes
---   1,440 discrete-columns
--- Range statistics (absolute non-zero finite values)
--- RHS       [min, max] : [ 1.000E+00, 1.000E+03] - Zero values observed as well
--- Bound     [min, max] : [ 1.766E-12, 1.000E+03] - Zero values observed as well
--- Matrix    [min, max] : [ 1.000E-02, 1.000E+02]
--- Executing COINCBC (Solvelink=2): elapsed 0:00:02.119[LST:276066]

COIN-OR CBC      42.2.0 ef14ea53 Feb 16, 2023          LEG x86 64bit/Linux    

COIN-OR Branch and Cut (CBC Library 2.10.8)
written by J. Forrest

Calling CBC main solution routine...
Perturbing problem by 0.001% of 20.331661 - largest nonzero change 0.00013826468 ( 0.003226977%) - largest zero change 5.9890879e-05
0  Obj 54849.142 Primal inf 4948.6036 (31) Dual inf 158.98633 (40)
44  Obj 57972.893 Primal inf 0.0699937 (7)
51  Obj 57972.613
Optimal - objective value 57972.733
Optimal objective 57972.73333 - 51 iterations time 0.012, Presolve 0.01

Solved to optimality.
--- Reading solution for model energy_storage[LST:276080]
--- Executing after solve: elapsed 0:00:02.225[LST:294247]
--- MODEL.gms(805) 7 Mb[FIL:"/var/lib/condor/execute/dir_204212/gamsexec/MODEL.gms",805,0]
--- Generating RMIP model energy_storage[LST:294629]
--- MODEL.gms(814) 7 Mb[FIL:"/var/lib/condor/execute/dir_204212/gamsexec/MODEL.gms",814,0]
--- LOOPS i = 30
---   9,361 rows  8,641 columns  19,586 non-zeroes
---   1,440 discrete-columns
--- Range statistics (absolute non-zero finite values)
--- RHS       [min, max] : [ 1.000E+00, 1.000E+03] - Zero values observed as well
--- Bound     [min, max] : [ 1.766E-12, 1.000E+03] - Zero values observed as well
--- Matrix    [min, max] : [ 1.000E-02, 1.000E+02]
--- Executing COINCBC (Solvelink=2): elapsed 0:00:02.239[LST:294644]

COIN-OR CBC      42.2.0 ef14ea53 Feb 16, 2023          LEG x86 64bit/Linux    

COIN-OR Branch and Cut (CBC Library 2.10.8)
written by J. Forrest

Calling CBC main solution routine...
Perturbing problem by 0.001% of 20.331661 - largest nonzero change 0.00014061398 ( 0.0030286761%) - largest zero change 5.8607541e-05
0  Obj 52696.643 Primal inf 224.93653 (1) Dual inf 70.488613 (25)
22  Obj 57972.673
Optimal - objective value 57972.733
Optimal objective 57972.73333 - 22 iterations time 0.012, Presolve 0.01

Solved to optimality.
--- Reading solution for model energy_storage[LST:294658]
--- Executing after solve: elapsed 0:00:02.345[LST:312824]
--- MODEL.gms(824) 7 Mb[FIL:"/var/lib/condor/execute/dir_204212/gamsexec/MODEL.gms",824,0]
--- GDX File /var/lib/condor/execute/dir_204212/gamsexec/out.gdx[FIL:"/var/lib/condor/execute/dir_204212/gamsexec/out.gdx",0,0]
*** Status: Normal completion[LST:312841]
--- Job MODEL.gms Stop 05/28/23 00:39:03 elapsed 0:00:02.352
